[replay] harness.run failed for GBP_USD: max_trades must be > 0
[replay] harness.run failed for AUD_USD: max_trades must be > 0
[replay] harness.run failed for NZD_USD: max_trades must be > 0
[replay] harness.run failed for USD_JPY: max_trades must be > 0
[replay] harness.run failed for USD_CAD: max_trades must be > 0
[reconcile][mt5] replaying C:\Users\ROG\Projects\Fire Forex\artifacts\live\complexity_L10_EUR_USD_M15_20260424_101204__20260424_101238\config.json
Fire Forex · complexity_L10_EUR_USD_M15 · layer=replay_EUR_USD · opt=random · seed=42
[load] main TF: EUR_USD_M15.parquet
       171 bars  2026-04-22 21:00:00+00:00 → 2026-04-24 15:30:00+00:00  in 0.02s
[load] sub TF:  EUR_USD_M1.parquet
       2,559 bars  2026-04-22 21:00:01+00:00 → 2026-04-24 15:39:01+00:00  in 0.02s
[window] user-requested 2026-04-23 → 2026-04-24  main=159 · sub=2,379
[align] shared window 2026-04-23 00:00:01+00:00 → 2026-04-24 15:30:00+00:00  main=158 · sub=2,369
[map]  main→sub built in 0.00s
[signals] building library
          1 variants · 1 pooled signals in 0.01s
[sample] 1 frozen trial (replay mode)
[sweep] calling batch_evaluate(1 × 1 signals)…
        done in 0.00s  →  26,316 evals/sec

┌── complexity_L10_EUR_USD_M15 · replay_EUR_USD · random · N=1 ─────
│ SPEED
│   backtests/sec  :       26,316
│   total runtime  :         0.05 s
│ ACTIVITY
│   trades (best)  :            1
│   win rate       :         0.00 %
│ MONEY
│   total pips     :          -14
│   expectancy     :       -14.30 pips/trade
│ RISK
│   max drawdown   :       100.00 %
│   profit factor  :        0.000
│ best variant
│   id=0  family=donchian  params={'lookback': 83}
│ best trial (engine)
│   stop_loss.selector=atr · stop_loss.atr.mult=5.900 · take_profit.selector=rr · take_profit.rr.ratio=2.300 · trailing.test=False · chandelier.test=True · chandelier.when_on.activate=5.000 · chandelier.when_on.atr_mult=3.500 · breakeven.test=False · partial.test=False · stale.test=False · session.test=False · max_bars.test=False · days=63
└──────────────────────────────────────────────────────────

Fire Forex · complexity_L10_GBP_USD_M15 · layer=replay_GBP_USD · opt=random · seed=42
[load] main TF: GBP_USD_M15.parquet
       171 bars  2026-04-22 21:00:00+00:00 → 2026-04-24 15:30:00+00:00  in 0.02s
[load] sub TF:  GBP_USD_M1.parquet
       2,559 bars  2026-04-22 21:00:03+00:00 → 2026-04-24 15:39:03+00:00  in 0.02s
[window] user-requested 2026-04-23 → 2026-04-24  main=159 · sub=2,379
[align] shared window 2026-04-23 00:00:03+00:00 → 2026-04-24 15:30:00+00:00  main=158 · sub=2,369
[map]  main→sub built in 0.00s
[signals] building library
          1 variants · 0 pooled signals in 0.01s
[sample] 1 frozen trial (replay mode)
[sweep] calling batch_evaluate(1 × 0 signals)…
Fire Forex · complexity_L10_AUD_USD_M15 · layer=replay_AUD_USD · opt=random · seed=42
[load] main TF: AUD_USD_M15.parquet
       171 bars  2026-04-22 21:00:00+00:00 → 2026-04-24 15:30:00+00:00  in 0.01s
[load] sub TF:  AUD_USD_M1.parquet
       2,559 bars  2026-04-22 21:00:01+00:00 → 2026-04-24 15:39:01+00:00  in 0.02s
[window] user-requested 2026-04-23 → 2026-04-24  main=159 · sub=2,379
[align] shared window 2026-04-23 00:00:01+00:00 → 2026-04-24 15:30:00+00:00  main=158 · sub=2,369
[map]  main→sub built in 0.00s
[signals] building library
          1 variants · 0 pooled signals in 0.01s
[sample] 1 frozen trial (replay mode)
[sweep] calling batch_evaluate(1 × 0 signals)…
Fire Forex · complexity_L10_NZD_USD_M15 · layer=replay_NZD_USD · opt=random · seed=42
[load] main TF: NZD_USD_M15.parquet
       171 bars  2026-04-22 21:00:00+00:00 → 2026-04-24 15:30:00+00:00  in 0.02s
[load] sub TF:  NZD_USD_M1.parquet
       2,559 bars  2026-04-22 21:00:01+00:00 → 2026-04-24 15:39:01+00:00  in 0.01s
[window] user-requested 2026-04-23 → 2026-04-24  main=159 · sub=2,379
[align] shared window 2026-04-23 00:00:01+00:00 → 2026-04-24 15:30:00+00:00  main=158 · sub=2,369
[map]  main→sub built in 0.00s
[signals] building library
          1 variants · 0 pooled signals in 0.01s
[sample] 1 frozen trial (replay mode)
[sweep] calling batch_evaluate(1 × 0 signals)…
Fire Forex · complexity_L10_USD_JPY_M15 · layer=replay_USD_JPY · opt=random · seed=42
[load] main TF: USD_JPY_M15.parquet
       171 bars  2026-04-22 21:00:00+00:00 → 2026-04-24 15:30:00+00:00  in 0.01s
[load] sub TF:  USD_JPY_M1.parquet
       2,559 bars  2026-04-22 21:00:01+00:00 → 2026-04-24 15:39:01+00:00  in 0.02s
[window] user-requested 2026-04-23 → 2026-04-24  main=159 · sub=2,379
[align] shared window 2026-04-23 00:00:01+00:00 → 2026-04-24 15:30:00+00:00  main=158 · sub=2,369
[map]  main→sub built in 0.00s
[signals] building library
          1 variants · 0 pooled signals in 0.03s
[sample] 1 frozen trial (replay mode)
[sweep] calling batch_evaluate(1 × 0 signals)…
Fire Forex · complexity_L10_USD_CHF_M15 · layer=replay_USD_CHF · opt=random · seed=42
[load] main TF: USD_CHF_M15.parquet
       171 bars  2026-04-22 21:00:00+00:00 → 2026-04-24 15:30:00+00:00  in 0.02s
[load] sub TF:  USD_CHF_M1.parquet
       2,559 bars  2026-04-22 21:00:02+00:00 → 2026-04-24 15:39:02+00:00  in 0.02s
[window] user-requested 2026-04-23 → 2026-04-24  main=159 · sub=2,379
[align] shared window 2026-04-23 00:00:02+00:00 → 2026-04-24 15:30:00+00:00  main=158 · sub=2,369
[map]  main→sub built in 0.00s
[signals] building library
          1 variants · 1 pooled signals in 0.01s
[sample] 1 frozen trial (replay mode)
[sweep] calling batch_evaluate(1 × 1 signals)…
        done in 0.00s  →  30,120 evals/sec

┌── complexity_L10_USD_CHF_M15 · replay_USD_CHF · random · N=1 ─────
│ SPEED
│   backtests/sec  :       30,120
│   total runtime  :         0.04 s
│ ACTIVITY
│   trades (best)  :            1
│   win rate       :         0.00 %
│ MONEY
│   total pips     :          -20
│   expectancy     :       -19.71 pips/trade
│ RISK
│   max drawdown   :       100.00 %
│   profit factor  :        0.000
│ best variant
│   id=0  family=donchian  params={'lookback': 83}
│ best trial (engine)
│   stop_loss.selector=atr · stop_loss.atr.mult=5.900 · take_profit.selector=rr · take_profit.rr.ratio=2.300 · trailing.test=False · chandelier.test=True · chandelier.when_on.activate=5.000 · chandelier.when_on.atr_mult=3.500 · breakeven.test=False · partial.test=False · stale.test=False · session.test=False · max_bars.test=False · days=63
└──────────────────────────────────────────────────────────

Fire Forex · complexity_L10_USD_CAD_M15 · layer=replay_USD_CAD · opt=random · seed=42
[load] main TF: USD_CAD_M15.parquet
       171 bars  2026-04-22 21:00:00+00:00 → 2026-04-24 15:30:00+00:00  in 0.01s
[load] sub TF:  USD_CAD_M1.parquet
       2,559 bars  2026-04-22 21:00:01+00:00 → 2026-04-24 15:39:01+00:00  in 0.01s
[window] user-requested 2026-04-23 → 2026-04-24  main=159 · sub=2,379
[align] shared window 2026-04-23 00:00:01+00:00 → 2026-04-24 15:30:00+00:00  main=158 · sub=2,369
[map]  main→sub built in 0.00s
[signals] building library
          1 variants · 0 pooled signals in 0.00s
[sample] 1 frozen trial (replay mode)
[sweep] calling batch_evaluate(1 × 0 signals)…
Fire Forex · complexity_L10_EUR_GBP_M15 · layer=replay_EUR_GBP · opt=random · seed=42
[load] main TF: EUR_GBP_M15.parquet
       171 bars  2026-04-22 21:00:00+00:00 → 2026-04-24 15:30:00+00:00  in 0.03s
[load] sub TF:  EUR_GBP_M1.parquet
       2,559 bars  2026-04-22 21:00:00+00:00 → 2026-04-24 15:39:00+00:00  in 0.02s
[window] user-requested 2026-04-23 → 2026-04-24  main=159 · sub=2,379
[align] shared window 2026-04-23 00:00:00+00:00 → 2026-04-24 15:30:00+00:00  main=159 · sub=2,370
[map]  main→sub built in 0.00s
[signals] building library
          1 variants · 1 pooled signals in 0.01s
[sample] 1 frozen trial (replay mode)
[sweep] calling batch_evaluate(1 × 1 signals)…
        done in 0.00s  →  33,898 evals/sec

┌── complexity_L10_EUR_GBP_M15 · replay_EUR_GBP · random · N=1 ─────[replay] harness.run failed for EUR_AUD: max_trades must be > 0

│ SPEED
│   backtests/sec  :       33,898
│   total runtime  :         0.07 s
│ ACTIVITY
│   trades (best)  :            0
│   win rate       :         0.00 %
│ MONEY
│   total pips     :           +0
│   expectancy     :        +0.00 pips/trade
│ RISK
│   max drawdown   :         0.00 %
│   profit factor  :        0.000
│ best variant
│   id=0  family=donchian  params={'lookback': 83}
│ best trial (engine)
│   stop_loss.selector=atr · stop_loss.atr.mult=5.900 · take_profit.selector=rr · take_profit.rr.ratio=2.300 · trailing.test=False · chandelier.test=True · chandelier.when_on.activate=5.000 · chandelier.when_on.atr_mult=3.500 · breakeven.test=False · partial.test=False · stale.test=False · session.test=False · max_bars.test=False · days=63
└──────────────────────────────────────────────────────────

Fire Forex · complexity_L10_EUR_JPY_M15 · layer=replay_EUR_JPY · opt=random · seed=42
[load] main TF: EUR_JPY_M15.parquet
       171 bars  2026-04-22 21:00:00+00:00 → 2026-04-24 15:30:00+00:00  in 0.01s
[load] sub TF:  EUR_JPY_M1.parquet
       2,555 bars  2026-04-22 21:00:01+00:00 → 2026-04-24 15:39:01+00:00  in 0.03s
[window] user-requested 2026-04-23 → 2026-04-24  main=159 · sub=2,376
[align] shared window 2026-04-23 00:00:01+00:00 → 2026-04-24 15:30:00+00:00  main=158 · sub=2,366
[map]  main→sub built in 0.00s
[signals] building library
          1 variants · 2 pooled signals in 0.01s
[sample] 1 frozen trial (replay mode)
[sweep] calling batch_evaluate(1 × 2 signals)…
        done in 0.00s  →  26,596 evals/sec

┌── complexity_L10_EUR_JPY_M15 · replay_EUR_JPY · random · N=1 ─────
│ SPEED
│   backtests/sec  :       26,596
│   total runtime  :         0.05 s
│ ACTIVITY
│   trades (best)  :            0
│   win rate       :         0.00 %
│ MONEY
│   total pips     :           +0
│   expectancy     :        +0.00 pips/trade
│ RISK
│   max drawdown   :         0.00 %
│   profit factor  :        0.000
│ best variant
│   id=0  family=donchian  params={'lookback': 83}
│ best trial (engine)
│   stop_loss.selector=atr · stop_loss.atr.mult=5.900 · take_profit.selector=rr · take_profit.rr.ratio=2.300 · trailing.test=False · chandelier.test=True · chandelier.when_on.activate=5.000 · chandelier.when_on.atr_mult=3.500 · breakeven.test=False · partial.test=False · stale.test=False · session.test=False · max_bars.test=False · days=63
└──────────────────────────────────────────────────────────

Fire Forex · complexity_L10_EUR_CHF_M15 · layer=replay_EUR_CHF · opt=random · seed=42
[load] main TF: EUR_CHF_M15.parquet
       171 bars  2026-04-22 21:00:00+00:00 → 2026-04-24 15:30:00+00:00  in 0.01s
[load] sub TF:  EUR_CHF_M1.parquet
       2,554 bars  2026-04-22 21:00:01+00:00 → 2026-04-24 15:39:01+00:00  in 0.01s
[window] user-requested 2026-04-23 → 2026-04-24  main=159 · sub=2,377
[align] shared window 2026-04-23 00:00:01+00:00 → 2026-04-24 15:30:00+00:00  main=158 · sub=2,367
[map]  main→sub built in 0.00s
[signals] building library
          1 variants · 4 pooled signals in 0.01s
[sample] 1 frozen trial (replay mode)
[sweep] calling batch_evaluate(1 × 4 signals)…
        done in 0.00s  →  41,494 evals/sec

┌── complexity_L10_EUR_CHF_M15 · replay_EUR_CHF · random · N=1 ─────
│ SPEED
│   backtests/sec  :       41,494
│   total runtime  :         0.03 s
│ ACTIVITY
│   trades (best)  :            0
│   win rate       :         0.00 %
│ MONEY
│   total pips     :           +0
│   expectancy     :        +0.00 pips/trade
│ RISK
│   max drawdown   :         0.00 %
│   profit factor  :        0.000
│ best variant
│   id=0  family=donchian  params={'lookback': 83}
│ best trial (engine)
│   stop_loss.selector=atr · stop_loss.atr.mult=5.900 · take_profit.selector=rr · take_profit.rr.ratio=2.300 · trailing.test=False · chandelier.test=True · chandelier.when_on.activate=5.000 · chandelier.when_on.atr_mult=3.500 · breakeven.test=False · partial.test=False · stale.test=False · session.test=False · max_bars.test=False · days=63
└──────────────────────────────────────────────────────────

Fire Forex · complexity_L10_EUR_AUD_M15 · layer=replay_EUR_AUD · opt=random · seed=42
[load] main TF: EUR_AUD_M15.parquet
       171 bars  2026-04-22 21:00:00+00:00 → 2026-04-24 15:30:00+00:00  in 0.02s
[load] sub TF:  EUR_AUD_M1.parquet
       2,555 bars  2026-04-22 21:00:01+00:00 → 2026-04-24 15:39:01+00:00  in 0.01s
[window] user-requested 2026-04-23 → 2026-04-24  main=159 · sub=2,378
[align] shared window 2026-04-23 00:00:01+00:00 → 2026-04-24 15:30:00+00:00  main=158 · sub=2,368
[map]  main→sub built in 0.00s
[signals] building library
          1 variants · 0 pooled signals in 0.01s
[sample] 1 frozen trial (replay mode)
[sweep] calling batch_evaluate(1 × 0 signals)…
Fire Forex · complexity_L10_EUR_CAD_M15 · layer=replay_EUR_CAD · opt=random · seed=42
[load] main TF: EUR_CAD_M15.parquet
       171 bars  2026-04-22 21:00:00+00:00 → 2026-04-24 15:30:00+00:00  in 0.01s
[load] sub TF:  EUR_CAD_M1.parquet
       2,559 bars  2026-04-22 21:00:01+00:00 → 2026-04-24 15:39:01+00:00  in 0.01s
[window] user-requested 2026-04-23 → 2026-04-24  main=159 · sub=2,379
[align] shared window 2026-04-23 00:00:01+00:00 → 2026-04-24 15:30:00+00:00  main=158 · sub=2,369
[map]  main→sub built in 0.00s
[signals] building library
          1 variants · 1 pooled signals in 0.00s
[sample] 1 frozen trial (replay mode)
[sweep] calling batch_evaluate(1 × 1 signals)…
        done in 0.00s  →  87,719 evals/sec

┌── complexity_L10_EUR_CAD_M15 · replay_EUR_CAD · random · N=1 ─────
│ SPEED
│   backtests/sec  :       87,719
│   total runtime  :         0.02 s
│ ACTIVITY
│   trades (best)  :            0
│   win rate       :         0.00 %
│ MONEY
│   total pips     :           +0
│   expectancy     :        +0.00 pips/trade
│ RISK
│   max drawdown   :         0.00 %
│   profit factor  :        0.000
│ best variant
│   id=0  family=donchian  params={'lookback': 83}
│ best trial (engine)
│   stop_loss.selector=atr · stop_loss.atr.mult=5.900 · take_profit.selector=rr · take_profit.rr.ratio=2.300 · trailing.test=False · chandelier.test=True · chandelier.when_on.activate=5.000 · chandelier.when_on.atr_mult=3.500 · breakeven.test=False · partial.test=False · stale.test=False · session.test=False · max_bars.test=False · days=63
└──────────────────────────────────────────────────────────

Fire Forex · complexity_L10_EUR_NZD_M15 · layer=replay_EUR_NZD · opt=random · seed=42
[load] main TF: EUR_NZD_M15.parquet
       171 bars  2026-04-22 21:00:00+00:00 → 2026-04-24 15:30:00+00:00  in 0.02s
[load] sub TF:  EUR_NZD_M1.parquet
       2,557 bars  2026-04-22 21:00:01+00:00 → 2026-04-24 15:39:01+00:00  in 0.01s
[window] user-requested 2026-04-23 → 2026-04-24  main=159 · sub=2,379
[align] shared window 2026-04-23 00:00:01+00:00 → 2026-04-24 15:30:00+00:00  main=158 · sub=2,369
[map]  main→sub built in 0.00s
[signals] building library
          1 variants · 1 pooled signals in 0.01s
[sample] 1 frozen trial (replay mode)
[sweep] calling batch_evaluate(1 × 1 signals)…
        done in 0.00s  →  34,247 evals/sec

┌── complexity_L10_EUR_NZD_M15 · replay_EUR_NZD · random · N=1 ─────
│ SPEED
│   backtests/sec  :       34,247
│   total runtime  :         0.04 s
│ ACTIVITY[replay] harness.run failed for GBP_JPY: max_trades must be > 0

│   trades (best)  :            0
│   win rate       :         0.00 %
│ MONEY
│   total pips     :           +0
│   expectancy     :        +0.00 pips/trade
│ RISK
│   max drawdown   :         0.00 %
│   profit factor  :        0.000
│ best variant
│   id=0  family=donchian  params={'lookback': 83}
│ best trial (engine)
│   stop_loss.selector=atr · stop_loss.atr.mult=5.900 · take_profit.selector=rr · take_profit.rr.ratio=2.300 · trailing.test=False · chandelier.test=True · chandelier.when_on.activate=5.000 · chandelier.when_on.atr_mult=3.500 · breakeven.test=False · partial.test=False · stale.test=False · session.test=False · max_bars.test=False · days=63
└──────────────────────────────────────────────────────────

Fire Forex · complexity_L10_GBP_JPY_M15 · layer=replay_GBP_JPY · opt=random · seed=42
[load] main TF: GBP_JPY_M15.parquet
       171 bars  2026-04-22 21:00:00+00:00 → 2026-04-24 15:30:00+00:00  in 0.01s
[load] sub TF:  GBP_JPY_M1.parquet
       2,559 bars  2026-04-22 21:00:00+00:00 → 2026-04-24 15:39:00+00:00  in 0.02s
[window] user-requested 2026-04-23 → 2026-04-24  main=159 · sub=2,379
[align] shared window 2026-04-23 00:00:00+00:00 → 2026-04-24 15:30:00+00:00  main=159 · sub=2,370
[map]  main→sub built in 0.00s
[signals] building library
          1 variants · 0 pooled signals in 0.01s
[sample] 1 frozen trial (replay mode)
[sweep] calling batch_evaluate(1 × 0 signals)…
Fire Forex · complexity_L10_GBP_CHF_M15 · layer=replay_GBP_CHF · opt=random · seed=42
[load] main TF: GBP_CHF_M15.parquet
       171 bars  2026-04-22 21:00:00+00:00 → 2026-04-24 15:30:00+00:00  in 0.01s
[load] sub TF:  GBP_CHF_M1.parquet
       2,559 bars  2026-04-22 21:00:02+00:00 → 2026-04-24 15:39:02+00:00  in 0.01s
[window] user-requested 2026-04-23 → 2026-04-24  main=159 · sub=2,379
[align] shared window 2026-04-23 00:00:02+00:00 → 2026-04-24 15:30:00+00:00  main=158 · sub=2,369
[map]  main→sub built in 0.00s
[signals] building library
          1 variants · 3 pooled signals in 0.00s
[sample] 1 frozen trial (replay mode)
[sweep] calling batch_evaluate(1 × 3 signals)…
        done in 0.00s  →  43,478 evals/sec

┌── complexity_L10_GBP_CHF_M15 · replay_GBP_CHF · random · N=1 ─────
│ SPEED
│   backtests/sec  :       43,478
│   total runtime  :         0.02 s
│ ACTIVITY
│   trades (best)  :            0
│   win rate       :         0.00 %
│ MONEY
│   total pips     :           +0
│   expectancy     :        +0.00 pips/trade
│ RISK
│   max drawdown   :         0.00 %
│   profit factor  :        0.000
│ best variant
│   id=0  family=donchian  params={'lookback': 83}
│ best trial (engine)
│   stop_loss.selector=atr · stop_loss.atr.mult=5.900 · take_profit.selector=rr · take_profit.rr.ratio=2.300 · trailing.test=False · chandelier.test=True · chandelier.when_on.activate=5.000 · chandelier.when_on.atr_mult=3.500 · breakeven.test=False · partial.test=False · stale.test=False · session.test=False · max_bars.test=False · days=63
└──────────────────────────────────────────────────────────

Fire Forex · complexity_L10_GBP_AUD_M15 · layer=replay_GBP_AUD · opt=random · seed=42
[load] main TF: GBP_AUD_M15.parquet
       171 bars  2026-04-22 21:00:00+00:00 → 2026-04-24 15:30:00+00:00  in 0.01s
[load] sub TF:  GBP_AUD_M1.parquet
       2,559 bars  2026-04-22 21:00:01+00:00 → 2026-04-24 15:39:01+00:00  in 0.01s
[window] user-requested 2026-04-23 → 2026-04-24  main=159 · sub=2,379
[align] shared window 2026-04-23 00:00:01+00:00 → 2026-04-24 15:30:00+00:00  main=158 · sub=2,369
[map]  main→sub built in 0.00s
[signals] building library
          1 variants · 1 pooled signals in 0.01s
[sample] 1 frozen trial (replay mode)
[sweep] calling batch_evaluate(1 × 1 signals)…
        done in 0.00s  →  63,291 evals/sec

┌── complexity_L10_GBP_AUD_M15 · replay_GBP_AUD · random · N=1 ─────
│ SPEED
│   backtests/sec  :       63,291
│   total runtime  :         0.04 s
│ ACTIVITY
│   trades (best)  :            0
│   win rate       :         0.00 %
│ MONEY
│   total pips     :           +0
│   expectancy     :        +0.00 pips/trade
│ RISK
│   max drawdown   :         0.00 %
│   profit factor  :        0.000
│ best variant
│   id=0  family=donchian  params={'lookback': 83}
│ best trial (engine)
│   stop_loss.selector=atr · stop_loss.atr.mult=5.900 · take_profit.selector=rr · take_profit.rr.ratio=2.300 · trailing.test=False · chandelier.test=True · chandelier.when_on.activate=5.000 · chandelier.when_on.atr_mult=3.500 · breakeven.test=False · partial.test=False · stale.test=False · session.test=False · max_bars.test=False · days=63
└──────────────────────────────────────────────────────────

Fire Forex · complexity_L10_GBP_CAD_M15 · layer=replay_GBP_CAD · opt=random · seed=42
[load] main TF: GBP_CAD_M15.parquet
       171 bars  2026-04-22 21:00:00+00:00 → 2026-04-24 15:30:00+00:00  in 0.01s
[load] sub TF:  GBP_CAD_M1.parquet
       2,559 bars  2026-04-22 21:00:00+00:00 → 2026-04-24 15:39:00+00:00  in 0.01s
[window] user-requested 2026-04-23 → 2026-04-24  main=159 · sub=2,379
[align] shared window 2026-04-23 00:00:00+00:00 → 2026-04-24 15:30:00+00:00  main=159 · sub=2,370
[map]  main→sub built in 0.00s
[signals] building library
          1 variants · 1 pooled signals in 0.00s
[sample] 1 frozen trial (replay mode)
[sweep] calling batch_evaluate(1 × 1 signals)…
        done in 0.00s  →  56,818 evals/sec

┌── complexity_L10_GBP_CAD_M15 · replay_GBP_CAD · random · N=1 ─────
│ SPEED
│   backtests/sec  :       56,818
│   total runtime  :         0.02 s
│ ACTIVITY
│   trades (best)  :            0
│   win rate       :         0.00 %
│ MONEY
│   total pips     :           +0
│   expectancy     :        +0.00 pips/trade
│ RISK
│   max drawdown   :         0.00 %
│   profit factor  :        0.000
│ best variant
│   id=0  family=donchian  params={'lookback': 83}
│ best trial (engine)
│   stop_loss.selector=atr · stop_loss.atr.mult=5.900 · take_profit.selector=rr · take_profit.rr.ratio=2.300 · trailing.test=False · chandelier.test=True · chandelier.when_on.activate=5.000 · chandelier.when_on.atr_mult=3.500 · breakeven.test=False · partial.test=False · stale.test=False · session.test=False · max_bars.test=False · days=63
└──────────────────────────────────────────────────────────

Fire Forex · complexity_L10_GBP_NZD_M15 · layer=replay_GBP_NZD · opt=random · seed=42
[load] main TF: GBP_NZD_M15.parquet
       171 bars  2026-04-22 21:00:00+00:00 → 2026-04-24 15:30:00+00:00  in 0.01s
[load] sub TF:  GBP_NZD_M1.parquet
       2,559 bars  2026-04-22 21:00:00+00:00 → 2026-04-24 15:39:00+00:00  in 0.01s
[window] user-requested 2026-04-23 → 2026-04-24  main=159 · sub=2,379
[align] shared window 2026-04-23 00:00:00+00:00 → 2026-04-24 15:30:00+00:00  main=159 · sub=2,370
[map]  main→sub built in 0.00s
[signals] building library
          1 variants · 1 pooled signals in 0.00s
[sample] 1 frozen trial (replay mode)
[sweep] calling batch_evaluate(1 × 1 signals)…
        done in 0.00s  →  58,823 evals/sec

┌── complexity_L10_GBP_NZD_M15 · replay_GBP_NZD · random · N=1 ─────
│ SPEED
│   backtests/sec  :       58,823
│   total runtime  :         0.03 s
│ ACTIVITY
│   trades (best)  :            0
│   win rate       :         0.00 %
│ MONEY
│   total pips     :           +0[replay] harness.run failed for AUD_JPY: max_trades must be > 0
[replay] harness.run failed for AUD_CAD: max_trades must be > 0
[replay] harness.run failed for AUD_NZD: max_trades must be > 0

│   expectancy     :        +0.00 pips/trade
│ RISK
│   max drawdown   :         0.00 %
│   profit factor  :        0.000
│ best variant
│   id=0  family=donchian  params={'lookback': 83}
│ best trial (engine)
│   stop_loss.selector=atr · stop_loss.atr.mult=5.900 · take_profit.selector=rr · take_profit.rr.ratio=2.300 · trailing.test=False · chandelier.test=True · chandelier.when_on.activate=5.000 · chandelier.when_on.atr_mult=3.500 · breakeven.test=False · partial.test=False · stale.test=False · session.test=False · max_bars.test=False · days=63
└──────────────────────────────────────────────────────────

Fire Forex · complexity_L10_AUD_JPY_M15 · layer=replay_AUD_JPY · opt=random · seed=42
[load] main TF: AUD_JPY_M15.parquet
       171 bars  2026-04-22 21:00:00+00:00 → 2026-04-24 15:30:00+00:00  in 0.02s
[load] sub TF:  AUD_JPY_M1.parquet
       2,559 bars  2026-04-22 21:00:00+00:00 → 2026-04-24 15:39:00+00:00  in 0.02s
[window] user-requested 2026-04-23 → 2026-04-24  main=159 · sub=2,379
[align] shared window 2026-04-23 00:00:00+00:00 → 2026-04-24 15:30:00+00:00  main=159 · sub=2,370
[map]  main→sub built in 0.00s
[signals] building library
          1 variants · 0 pooled signals in 0.01s
[sample] 1 frozen trial (replay mode)
[sweep] calling batch_evaluate(1 × 0 signals)…
Fire Forex · complexity_L10_AUD_CHF_M15 · layer=replay_AUD_CHF · opt=random · seed=42
[load] main TF: AUD_CHF_M15.parquet
       171 bars  2026-04-22 21:00:00+00:00 → 2026-04-24 15:30:00+00:00  in 0.02s
[load] sub TF:  AUD_CHF_M1.parquet
       2,559 bars  2026-04-22 21:00:01+00:00 → 2026-04-24 15:39:01+00:00  in 0.01s
[window] user-requested 2026-04-23 → 2026-04-24  main=159 · sub=2,379
[align] shared window 2026-04-23 00:00:01+00:00 → 2026-04-24 15:30:00+00:00  main=158 · sub=2,369
[map]  main→sub built in 0.00s
[signals] building library
          1 variants · 1 pooled signals in 0.01s
[sample] 1 frozen trial (replay mode)
[sweep] calling batch_evaluate(1 × 1 signals)…
        done in 0.00s  →  30,488 evals/sec

┌── complexity_L10_AUD_CHF_M15 · replay_AUD_CHF · random · N=1 ─────
│ SPEED
│   backtests/sec  :       30,488
│   total runtime  :         0.05 s
│ ACTIVITY
│   trades (best)  :            0
│   win rate       :         0.00 %
│ MONEY
│   total pips     :           +0
│   expectancy     :        +0.00 pips/trade
│ RISK
│   max drawdown   :         0.00 %
│   profit factor  :        0.000
│ best variant
│   id=0  family=donchian  params={'lookback': 83}
│ best trial (engine)
│   stop_loss.selector=atr · stop_loss.atr.mult=5.900 · take_profit.selector=rr · take_profit.rr.ratio=2.300 · trailing.test=False · chandelier.test=True · chandelier.when_on.activate=5.000 · chandelier.when_on.atr_mult=3.500 · breakeven.test=False · partial.test=False · stale.test=False · session.test=False · max_bars.test=False · days=63
└──────────────────────────────────────────────────────────

Fire Forex · complexity_L10_AUD_CAD_M15 · layer=replay_AUD_CAD · opt=random · seed=42
[load] main TF: AUD_CAD_M15.parquet
       171 bars  2026-04-22 21:00:00+00:00 → 2026-04-24 15:30:00+00:00  in 0.01s
[load] sub TF:  AUD_CAD_M1.parquet
       2,559 bars  2026-04-22 21:00:02+00:00 → 2026-04-24 15:39:02+00:00  in 0.01s
[window] user-requested 2026-04-23 → 2026-04-24  main=159 · sub=2,379
[align] shared window 2026-04-23 00:00:02+00:00 → 2026-04-24 15:30:00+00:00  main=158 · sub=2,369
[map]  main→sub built in 0.00s
[signals] building library
          1 variants · 0 pooled signals in 0.00s
[sample] 1 frozen trial (replay mode)
[sweep] calling batch_evaluate(1 × 0 signals)…
Fire Forex · complexity_L10_AUD_NZD_M15 · layer=replay_AUD_NZD · opt=random · seed=42
[load] main TF: AUD_NZD_M15.parquet
       171 bars  2026-04-22 21:00:00+00:00 → 2026-04-24 15:30:00+00:00  in 0.02s
[load] sub TF:  AUD_NZD_M1.parquet
       2,559 bars  2026-04-22 21:00:01+00:00 → 2026-04-24 15:39:01+00:00  in 0.01s
[window] user-requested 2026-04-23 → 2026-04-24  main=159 · sub=2,379
[align] shared window 2026-04-23 00:00:01+00:00 → 2026-04-24 15:30:00+00:00  main=158 · sub=2,369
[map]  main→sub built in 0.00s
[signals] building library
          1 variants · 0 pooled signals in 0.01s
[sample] 1 frozen trial (replay mode)
[sweep] calling batch_evaluate(1 × 0 signals)…
Fire Forex · complexity_L10_NZD_JPY_M15 · layer=replay_NZD_JPY · opt=random · seed=42
[load] main TF: NZD_JPY_M15.parquet
       171 bars  2026-04-22 21:00:00+00:00 → 2026-04-24 15:30:00+00:00  in 0.01s
[load] sub TF:  NZD_JPY_M1.parquet
       2,559 bars  2026-04-22 21:00:01+00:00 → 2026-04-24 15:39:01+00:00  in 0.01s
[window] user-requested 2026-04-23 → 2026-04-24  main=159 · sub=2,379
[align] shared window 2026-04-23 00:00:01+00:00 → 2026-04-24 15:30:00+00:00  main=158 · sub=2,369
[map]  main→sub built in 0.00s
[signals] building library
          1 variants · 1 pooled signals in 0.01s
[sample] 1 frozen trial (replay mode)
[sweep] calling batch_evaluate(1 × 1 signals)…
        done in 0.00s  →  30,864 evals/sec

┌── complexity_L10_NZD_JPY_M15 · replay_NZD_JPY · random · N=1 ─────
│ SPEED
│   backtests/sec  :       30,864
│   total runtime  :         0.03 s
│ ACTIVITY
│   trades (best)  :            0
│   win rate       :         0.00 %
│ MONEY
│   total pips     :           +0
│   expectancy     :        +0.00 pips/trade
│ RISK
│   max drawdown   :         0.00 %
│   profit factor  :        0.000
│ best variant
│   id=0  family=donchian  params={'lookback': 83}
│ best trial (engine)
│   stop_loss.selector=atr · stop_loss.atr.mult=5.900 · take_profit.selector=rr · take_profit.rr.ratio=2.300 · trailing.test=False · chandelier.test=True · chandelier.when_on.activate=5.000 · chandelier.when_on.atr_mult=3.500 · breakeven.test=False · partial.test=False · stale.test=False · session.test=False · max_bars.test=False · days=63
└──────────────────────────────────────────────────────────

Fire Forex · complexity_L10_NZD_CHF_M15 · layer=replay_NZD_CHF · opt=random · seed=42
[load] main TF: NZD_CHF_M15.parquet
       171 bars  2026-04-22 21:00:00+00:00 → 2026-04-24 15:30:00+00:00  in 0.03s
[load] sub TF:  NZD_CHF_M1.parquet
       2,559 bars  2026-04-22 21:00:01+00:00 → 2026-04-24 15:39:01+00:00  in 0.02s
[window] user-requested 2026-04-23 → 2026-04-24  main=159 · sub=2,379
[align] shared window 2026-04-23 00:00:01+00:00 → 2026-04-24 15:30:00+00:00  main=158 · sub=2,369
[map]  main→sub built in 0.00s
[signals] building library
          1 variants · 2 pooled signals in 0.01s
[sample] 1 frozen trial (replay mode)
[sweep] calling batch_evaluate(1 × 2 signals)…
        done in 0.00s  →  24,096 evals/sec

┌── complexity_L10_NZD_CHF_M15 · replay_NZD_CHF · random · N=1 ─────
│ SPEED
│   backtests/sec  :       24,096
│   total runtime  :         0.06 s
│ ACTIVITY
│   trades (best)  :            0
│   win rate       :         0.00 %
│ MONEY
│   total pips     :           +0
│   expectancy     :        +0.00 pips/trade
│ RISK
│   max drawdown   :         0.00 %
│   profit factor  :        0.000
│ best variant
│   id=0  family=donchian  params={'lookback': 83}
│ best trial (engine)
│   stop_loss.selector=atr · stop_loss.atr.mult=5.900 · take_profit.selector=rr · take_profit.rr.ratio=2.300 · trailing.test=False · chandelier.test=True · chandelier.when_on.activate=5.000 · chandelier.when_on.atr_mult=3.500 · breakeven.test=False · partial.test=False · stale.test=False · session.test=False · max_bars.test=False · days=63[replay] harness.run failed for CAD_JPY: max_trades must be > 0

└──────────────────────────────────────────────────────────

Fire Forex · complexity_L10_NZD_CAD_M15 · layer=replay_NZD_CAD · opt=random · seed=42
[load] main TF: NZD_CAD_M15.parquet
       171 bars  2026-04-22 21:00:00+00:00 → 2026-04-24 15:30:00+00:00  in 0.02s
[load] sub TF:  NZD_CAD_M1.parquet
       2,559 bars  2026-04-22 21:00:01+00:00 → 2026-04-24 15:39:01+00:00  in 0.01s
[window] user-requested 2026-04-23 → 2026-04-24  main=159 · sub=2,379
[align] shared window 2026-04-23 00:00:01+00:00 → 2026-04-24 15:30:00+00:00  main=158 · sub=2,369
[map]  main→sub built in 0.00s
[signals] building library
          1 variants · 1 pooled signals in 0.01s
[sample] 1 frozen trial (replay mode)
[sweep] calling batch_evaluate(1 × 1 signals)…
        done in 0.00s  →  30,960 evals/sec

┌── complexity_L10_NZD_CAD_M15 · replay_NZD_CAD · random · N=1 ─────
│ SPEED
│   backtests/sec  :       30,960
│   total runtime  :         0.04 s
│ ACTIVITY
│   trades (best)  :            0
│   win rate       :         0.00 %
│ MONEY
│   total pips     :           +0
│   expectancy     :        +0.00 pips/trade
│ RISK
│   max drawdown   :         0.00 %
│   profit factor  :        0.000
│ best variant
│   id=0  family=donchian  params={'lookback': 83}
│ best trial (engine)
│   stop_loss.selector=atr · stop_loss.atr.mult=5.900 · take_profit.selector=rr · take_profit.rr.ratio=2.300 · trailing.test=False · chandelier.test=True · chandelier.when_on.activate=5.000 · chandelier.when_on.atr_mult=3.500 · breakeven.test=False · partial.test=False · stale.test=False · session.test=False · max_bars.test=False · days=63
└──────────────────────────────────────────────────────────

Fire Forex · complexity_L10_CAD_JPY_M15 · layer=replay_CAD_JPY · opt=random · seed=42
[load] main TF: CAD_JPY_M15.parquet
       171 bars  2026-04-22 21:00:00+00:00 → 2026-04-24 15:30:00+00:00  in 0.02s
[load] sub TF:  CAD_JPY_M1.parquet
       2,559 bars  2026-04-22 21:00:01+00:00 → 2026-04-24 15:39:01+00:00  in 0.02s
[window] user-requested 2026-04-23 → 2026-04-24  main=159 · sub=2,379
[align] shared window 2026-04-23 00:00:01+00:00 → 2026-04-24 15:30:00+00:00  main=158 · sub=2,369
[map]  main→sub built in 0.00s
[signals] building library
          1 variants · 0 pooled signals in 0.01s
[sample] 1 frozen trial (replay mode)
[sweep] calling batch_evaluate(1 × 0 signals)…
Fire Forex · complexity_L10_CAD_CHF_M15 · layer=replay_CAD_CHF · opt=random · seed=42
[load] main TF: CAD_CHF_M15.parquet
       171 bars  2026-04-22 21:00:00+00:00 → 2026-04-24 15:30:00+00:00  in 0.02s
[load] sub TF:  CAD_CHF_M1.parquet
       2,559 bars  2026-04-22 21:00:02+00:00 → 2026-04-24 15:39:02+00:00  in 0.01s
[window] user-requested 2026-04-23 → 2026-04-24  main=159 · sub=2,379
[align] shared window 2026-04-23 00:00:02+00:00 → 2026-04-24 15:30:00+00:00  main=158 · sub=2,369
[map]  main→sub built in 0.00s
[signals] building library
          1 variants · 1 pooled signals in 0.01s
[sample] 1 frozen trial (replay mode)
[sweep] calling batch_evaluate(1 × 1 signals)…
        done in 0.00s  →  30,864 evals/sec

┌── complexity_L10_CAD_CHF_M15 · replay_CAD_CHF · random · N=1 ─────
│ SPEED
│   backtests/sec  :       30,864
│   total runtime  :         0.04 s
│ ACTIVITY
│   trades (best)  :            0
│   win rate       :         0.00 %
│ MONEY
│   total pips     :           +0
│   expectancy     :        +0.00 pips/trade
│ RISK
│   max drawdown   :         0.00 %
│   profit factor  :        0.000
│ best variant
│   id=0  family=donchian  params={'lookback': 83}
│ best trial (engine)
│   stop_loss.selector=atr · stop_loss.atr.mult=5.900 · take_profit.selector=rr · take_profit.rr.ratio=2.300 · trailing.test=False · chandelier.test=True · chandelier.when_on.activate=5.000 · chandelier.when_on.atr_mult=3.500 · breakeven.test=False · partial.test=False · stale.test=False · session.test=False · max_bars.test=False · days=63
└──────────────────────────────────────────────────────────

Fire Forex · complexity_L10_CHF_JPY_M15 · layer=replay_CHF_JPY · opt=random · seed=42
[load] main TF: CHF_JPY_M15.parquet
       171 bars  2026-04-22 21:00:00+00:00 → 2026-04-24 15:30:00+00:00  in 0.01s
[load] sub TF:  CHF_JPY_M1.parquet
       2,559 bars  2026-04-22 21:00:01+00:00 → 2026-04-24 15:39:01+00:00  in 0.01s
[window] user-requested 2026-04-23 → 2026-04-24  main=159 · sub=2,379
[align] shared window 2026-04-23 00:00:01+00:00 → 2026-04-24 15:30:00+00:00  main=158 · sub=2,369
[map]  main→sub built in 0.00s
[signals] building library
          1 variants · 1 pooled signals in 0.00s
[sample] 1 frozen trial (replay mode)
[sweep] calling batch_evaluate(1 × 1 signals)…
        done in 0.00s  →  66,667 evals/sec

┌── complexity_L10_CHF_JPY_M15 · replay_CHF_JPY · random · N=1 ─────
│ SPEED
│   backtests/sec  :       66,667
│   total runtime  :         0.03 s
│ ACTIVITY
│   trades (best)  :            0
│   win rate       :         0.00 %
│ MONEY
│   total pips     :           +0
│   expectancy     :        +0.00 pips/trade
│ RISK
│   max drawdown   :         0.00 %
│   profit factor  :        0.000
│ best variant
│   id=0  family=donchian  params={'lookback': 83}
│ best trial (engine)
│   stop_loss.selector=atr · stop_loss.atr.mult=5.900 · take_profit.selector=rr · take_profit.rr.ratio=2.300 · trailing.test=False · chandelier.test=True · chandelier.when_on.activate=5.000 · chandelier.when_on.atr_mult=3.500 · breakeven.test=False · partial.test=False · stale.test=False · session.test=False · max_bars.test=False · days=63
└──────────────────────────────────────────────────────────

[reconcile][mt5] replay done -> complexity_L10_EUR_USD_M15_20260424_101204/20260424_200259_mt5 (2 trades, 4.55s)
[reconcile][mt5] backtest df: 2 rows
[reconcile] live inputs from C:\Users\ROG\Projects\Fire Forex\artifacts\live\complexity_L10_EUR_USD_M15_20260424_101204__20260424_101238: plans=14 tickets=14 deals=16
[reconcile] live df: 32 rows
[reconcile][live_vs_mt5] counts: {'matched': 0, 'missing_in_live': 2, 'extra_in_live': 32}
[reconcile][live_vs_mt5] html:  C:\Users\ROG\Projects\Fire Forex\artifacts\live\complexity_L10_EUR_USD_M15_20260424_101204__20260424_101238\reconcile\20260424_200259_mt5_live_vs_mt5.html
[reconcile][live_vs_mt5] json:  C:\Users\ROG\Projects\Fire Forex\artifacts\live\complexity_L10_EUR_USD_M15_20260424_101204__20260424_101238\reconcile\20260424_200259_mt5_live_vs_mt5.json
[reconcile] summary: {'live_vs_mt5': {'matched': 0, 'missing_in_live': 2, 'extra_in_live': 32}}
